bodytrain/app/build/outputs/logs/manifest-merger-debug-report.txt
-- Merging decision tree log ---
manifest
ADDED from AndroidManifest.xml:2:1
	package
		ADDED from AndroidManifest.xml:3:5
		INJECTED from AndroidManifest.xml:0:0
		INJECTED from AndroidManifest.xml:0:0
	android:versionName
		ADDED from AndroidManifest.xml:5:5
	android:versionCode
		ADDED from AndroidManifest.xml:4:5
		INJECTED from AndroidManifest.xml:0:0
		INJECTED from AndroidManifest.xml:0:0
	xmlns:android
		ADDED from AndroidManifest.xml:2:11
uses-sdk
ADDED from AndroidManifest.xml:7:5
	android:targetSdkVersion
		INJECTED from AndroidManifest.xml:0:0
		INJECTED from AndroidManifest.xml:0:0
	android:minSdkVersion
		ADDED from AndroidManifest.xml:7:15
		INJECTED from AndroidManifest.xml:0:0
		INJECTED from AndroidManifest.xml:0:0
application
ADDED from AndroidManifest.xml:9:5
	android:label
		ADDED from AndroidManifest.xml:11:9
	android:icon
		ADDED from AndroidManifest.xml:10:9
activity#com.valles.bodytrain.Main
ADDED from AndroidManifest.xml:13:9
	android:screenOrientation
		ADDED from AndroidManifest.xml:15:15
	android:label
		ADDED from AndroidManifest.xml:14:15
	android:name
		ADDED from AndroidManifest.xml:13:19
intent-filter#android.intent.action.MAIN+android.intent.category.LAUNCHER
ADDED from AndroidManifest.xml:16:13
action#android.intent.action.MAIN
ADDED from AndroidManifest.xml:18:17
	android:name
		ADDED from AndroidManifest.xml:18:25
category#android.intent.category.LAUNCHER
ADDED from AndroidManifest.xml:19:17
	android:name
		ADDED from AndroidManifest.xml:19:27
activity#com.valles.bodytrain.EntreList
ADDED from AndroidManifest.xml:24:9
	android:screenOrientation
		ADDED from AndroidManifest.xml:27:15
	android:label
		ADDED from AndroidManifest.xml:25:15
	android:noHistory
		ADDED from AndroidManifest.xml:26:15
	android:name
		ADDED from AndroidManifest.xml:24:19
activity#com.valles.bodytrain.EjerList
ADDED from AndroidManifest.xml:29:9
	android:screenOrientation
		ADDED from AndroidManifest.xml:32:15
	android:label
		ADDED from AndroidManifest.xml:30:15
	android:noHistory
		ADDED from AndroidManifest.xml:31:15
	android:name
		ADDED from AndroidManifest.xml:29:19
activity#com.valles.bodytrain.CreaEntre
ADDED from AndroidManifest.xml:34:9
	android:screenOrientation
		ADDED from AndroidManifest.xml:37:15
	android:label
		ADDED from AndroidManifest.xml:35:15
	android:noHistory
		ADDED from AndroidManifest.xml:36:15
	android:name
		ADDED from AndroidManifest.xml:34:19
activity#com.valles.bodytrain.RutEdit
ADDED from AndroidManifest.xml:39:9
	android:screenOrientation
		ADDED from AndroidManifest.xml:42:15
	android:label
		ADDED from AndroidManifest.xml:40:15
	android:noHistory
		ADDED from AndroidManifest.xml:41:15
	android:name
		ADDED from AndroidManifest.xml:39:19
activity#com.valles.bodytrain.CreaEjer
ADDED from AndroidManifest.xml:44:9
	android:screenOrientation
		ADDED from AndroidManifest.xml:47:15
	android:label
		ADDED from AndroidManifest.xml:45:15
	android:noHistory
		ADDED from AndroidManifest.xml:46:15
	android:name
		ADDED from AndroidManifest.xml:44:19
activity#com.valles.bodytrain.RealizaEjer
ADDED from AndroidManifest.xml:49:9
	android:screenOrientation
		ADDED from AndroidManifest.xml:52:15
	android:label
		ADDED from AndroidManifest.xml:50:15
	android:noHistory
		ADDED from AndroidManifest.xml:51:15
	android:name
		ADDED from AndroidManifest.xml:49:19
activity#com.valles.bodytrain.EjerBody
ADDED from AndroidManifest.xml:54:9
	android:screenOrientation
		ADDED from AndroidManifest.xml:57:15
	android:label
		ADDED from AndroidManifest.xml:55:15
	android:noHistory
		ADDED from AndroidManifest.xml:56:15
	android:name
		ADDED from AndroidManifest.xml:54:19
activity#com.valles.bodytrain.MisRutinas
ADDED from AndroidManifest.xml:59:9
	android:screenOrientation
		ADDED from AndroidManifest.xml:62:15
	android:label
		ADDED from AndroidManifest.xml:60:15
	android:noHistory
		ADDED from AndroidManifest.xml:61:15
	android:name
		ADDED from AndroidManifest.xml:59:19
activity#com.valles.bodytrain.HistoriList
ADDED from AndroidManifest.xml:64:9
	android:screenOrientation
		ADDED from AndroidManifest.xml:67:15
	android:label
		ADDED from AndroidManifest.xml:65:15
	android:noHistory
		ADDED from AndroidManifest.xml:66:15
	android:name
		ADDED from AndroidManifest.xml:64:19